<?xml version="1.0" encoding="UTF-8"?>
<!-- Generated by org.testng.reporters.JUnitXMLReporter -->
<testsuite ignored="0" hostname="Edels-MacBook-Pro.local" failures="0" tests="6" name="Surefire test" time="0.203" errors="0" timestamp="2021-02-18T07:13:59 PST">
  <testcase classname="qaclickacademy.SeleniemTest" name="element on element(qaclickacademy.SeleniemTest)" time="0.026"/>
  <testcase classname="qaclickacademy.SeleniemTest" name="automation on automation(qaclickacademy.SeleniemTest)" time="0.058"/>
  <testcase classname="qaclickacademy.AppiumTest" name="iosapp on iosapp(qaclickacademy.AppiumTest)" time="0.001"/>
  <testcase classname="qaclickacademy.AppiumTest" name="androidapp on androidapp(qaclickacademy.AppiumTest)" time="0.001"/>
  <testcase classname="qaclickacademy.APITest" name="postjira on postjira(qaclickacademy.APITest)" time="0.001"/>
  <testcase classname="qaclickacademy.APITest" name="deletetwitter on deletetwitter(qaclickacademy.APITest)" time="0.002"/>
</testsuite> <!-- Surefire test -->
