<?xml version="1.0" encoding="UTF-8"?>
<testng-results ignored="0" total="6" passed="6" failed="0" skipped="0">
  <reporter-output>
  </reporter-output>
  <suite started-at="2021-02-18T07:13:58 PST" name="Surefire suite" finished-at="2021-02-18T07:13:58 PST" duration-ms="203">
    <groups>
    </groups>
    <test started-at="2021-02-18T07:13:58 PST" name="Surefire test" finished-at="2021-02-18T07:13:58 PST" duration-ms="203">
      <class name="qaclickacademy.AppiumTest">
        <test-method signature="iosapp()" started-at="2021-02-18T07:13:58 PST" name="iosapp" finished-at="2021-02-18T07:13:58 PST" duration-ms="1" status="PASS">
          <reporter-output>
          </reporter-output>
        </test-method> <!-- iosapp -->
        <test-method signature="androidapp()" started-at="2021-02-18T07:13:58 PST" name="androidapp" finished-at="2021-02-18T07:13:58 PST" duration-ms="1" status="PASS">
          <reporter-output>
          </reporter-output>
        </test-method> <!-- androidapp -->
      </class> <!-- qaclickacademy.AppiumTest -->
      <class name="qaclickacademy.APITest">
        <test-method signature="postjira()" started-at="2021-02-18T07:13:58 PST" name="postjira" finished-at="2021-02-18T07:13:58 PST" duration-ms="1" status="PASS">
          <reporter-output>
          </reporter-output>
        </test-method> <!-- postjira -->
        <test-method signature="deletetwitter()" started-at="2021-02-18T07:13:58 PST" name="deletetwitter" finished-at="2021-02-18T07:13:58 PST" duration-ms="2" status="PASS">
          <reporter-output>
          </reporter-output>
        </test-method> <!-- deletetwitter -->
      </class> <!-- qaclickacademy.APITest -->
      <class name="qaclickacademy.SeleniemTest">
        <test-method signature="element()" started-at="2021-02-18T07:13:58 PST" name="element" finished-at="2021-02-18T07:13:58 PST" duration-ms="26" status="PASS">
          <reporter-output>
          </reporter-output>
        </test-method> <!-- element -->
        <test-method signature="automation()" started-at="2021-02-18T07:13:58 PST" name="automation" finished-at="2021-02-18T07:13:58 PST" duration-ms="58" status="PASS">
          <reporter-output>
          </reporter-output>
        </test-method> <!-- automation -->
      </class> <!-- qaclickacademy.SeleniemTest -->
    </test> <!-- Surefire test -->
  </suite> <!-- Surefire suite -->
</testng-results>
